
Showing logs for build [32mcb-kubecd-bdd-gh-1568278934-pr-1[0m stage [32mmeta-pipeline[0m and container [32mstep-credential-initializer-pgwz7[0m
{"level":"warn","ts":1568279255.7370143,"logger":"fallback-logger","caller":"logging/config.go:69","msg":"Fetch GitHub commit ID from kodata failed: \"ref: refs/heads/master\" is not a valid GitHub commit ID"}
{"level":"info","ts":1568279255.7374933,"logger":"fallback-logger","caller":"creds-init/main.go:40","msg":"Credentials initialized."}

Showing logs for build [32mcb-kubecd-bdd-gh-1568278934-pr-1[0m stage [32mmeta-pipeline[0m and container [32mstep-working-dir-initializer-ns4lm[0m
{"level":"warn","ts":1568279257.189595,"logger":"fallback-logger","caller":"logging/config.go:69","msg":"Fetch GitHub commit ID from kodata failed: open /var/run/ko/HEAD: no such file or directory"}
{"level":"info","ts":1568279257.1918309,"logger":"fallback-logger","caller":"bash/main.go:65","msg":"Successfully executed command \"mkdir -p /workspace/source\""}

Showing logs for build [32mcb-kubecd-bdd-gh-1568278934-pr-1[0m stage [32mmeta-pipeline[0m and container [32mstep-place-tools[0m

Showing logs for build [32mcb-kubecd-bdd-gh-1568278934-pr-1[0m stage [32mmeta-pipeline[0m and container [32mstep-git-source-meta-cb-kubecd-bdd-gh-156827893-drwsg[0m
{"level":"warn","ts":1568279263.2524586,"logger":"fallback-logger","caller":"logging/config.go:69","msg":"Fetch GitHub commit ID from kodata failed: \"ref: refs/heads/master\" is not a valid GitHub commit ID"}
{"level":"info","ts":1568279264.3980944,"logger":"fallback-logger","caller":"git/git.go:102","msg":"Successfully cloned https://github.com/cb-kubecd/bdd-gh-1568278934.git @ 039f4d633f2a6235de9f69e3f786e43ce8aca710 in path /workspace/source"}

Showing logs for build [32mcb-kubecd-bdd-gh-1568278934-pr-1[0m stage [32mmeta-pipeline[0m and container [32mstep-git-merge[0m
Using SHAs from PULL_REFS=master:039f4d633f2a6235de9f69e3f786e43ce8aca710,1:86308ab1812e8c58ff7ebcbf3e7bb35ed68c4a1b
DEBUG: ran git fetch --unshallow origin 86308ab1812e8c58ff7ebcbf3e7bb35ed68c4a1b: 039f4d633f2a6235de9f69e3f786e43ce8aca710: in 
DEBUG: ran git checkout master in 
DEBUG: ran git reset --hard 039f4d633f2a6235de9f69e3f786e43ce8aca710 in 
DEBUG: ran clean --force -d . in 
DEBUG: ran git merge 86308ab1812e8c58ff7ebcbf3e7bb35ed68c4a1b in 
Merged SHA 86308ab1812e8c58ff7ebcbf3e7bb35ed68c4a1b with commit message 'My first PR commit' into base branch master

Showing logs for build [32mcb-kubecd-bdd-gh-1568278934-pr-1[0m stage [32mmeta-pipeline[0m and container [32mstep-merge-pull-refs[0m
DEBUG: ran git fetch origin 86308ab1812e8c58ff7ebcbf3e7bb35ed68c4a1b: 039f4d633f2a6235de9f69e3f786e43ce8aca710: in 
DEBUG: Unshallowed git repo in 
DEBUG: ran git checkout master in 
DEBUG: ran git reset --hard 039f4d633f2a6235de9f69e3f786e43ce8aca710 in 
DEBUG: ran clean --force -d . in 
DEBUG: ran git merge 86308ab1812e8c58ff7ebcbf3e7bb35ed68c4a1b in 
Merged SHA 86308ab1812e8c58ff7ebcbf3e7bb35ed68c4a1b with commit message 'My first PR commit' into base branch master

Showing logs for build [32mcb-kubecd-bdd-gh-1568278934-pr-1[0m stage [32mmeta-pipeline[0m and container [32mstep-create-effective-pipeline[0m
Deleting and cloning the Jenkins X versions repo
Cloning the Jenkins X versions repo https://github.com/jenkins-x/jenkins-x-versions.git with ref refs/heads/master to /builder/home/.**/jenkins-x-versions
Effective pipeline written to jenkins-x-serverless-jenkins-effective.yml

Showing logs for build [32mcb-kubecd-bdd-gh-1568278934-pr-1[0m stage [32mmeta-pipeline[0m and container [32mstep-create-tekton-crds[0m
PipelineActivity for cb-kubecd-bdd-gh-1568278934-PR-1-1
Applying changes 
upserted PipelineResource cb-kubecd-bdd-gh-1568278934-pr for the git repository https://github.com/cb-kubecd/bdd-gh-1568278934.git
upserted Task cb-kubecd-bdd-gh-1568278934-pr-from-build-pack-1
upserted Pipeline cb-kubecd-bdd-gh-1568278934-pr-1
created PipelineRun cb-kubecd-bdd-gh-1568278934-pr-1
created PipelineStructure cb-kubecd-bdd-gh-1568278934-pr-1

Showing logs for build [32mcb-kubecd-bdd-gh-1568278934-pr-1[0m stage [32mfrom-build-pack[0m and container [32mstep-credential-initializer-fvxbh[0m
{"level":"warn","ts":1568279275.6108565,"logger":"fallback-logger","caller":"logging/config.go:69","msg":"Fetch GitHub commit ID from kodata failed: \"ref: refs/heads/master\" is not a valid GitHub commit ID"}
{"level":"info","ts":1568279275.6115022,"logger":"fallback-logger","caller":"creds-init/main.go:40","msg":"Credentials initialized."}

Showing logs for build [32mcb-kubecd-bdd-gh-1568278934-pr-1[0m stage [32mfrom-build-pack[0m and container [32mstep-working-dir-initializer-6h9lc[0m
{"level":"warn","ts":1568279276.5661416,"logger":"fallback-logger","caller":"logging/config.go:69","msg":"Fetch GitHub commit ID from kodata failed: open /var/run/ko/HEAD: no such file or directory"}
{"level":"info","ts":1568279276.5678298,"logger":"fallback-logger","caller":"bash/main.go:65","msg":"Successfully executed command \"mkdir -p /workspace/source /workspace/source/charts/preview\""}

Showing logs for build [32mcb-kubecd-bdd-gh-1568278934-pr-1[0m stage [32mfrom-build-pack[0m and container [32mstep-place-tools[0m

Showing logs for build [32mcb-kubecd-bdd-gh-1568278934-pr-1[0m stage [32mfrom-build-pack[0m and container [32mstep-git-source-cb-kubecd-bdd-gh-1568278934-pr-96r58[0m
{"level":"warn","ts":1568279282.692908,"logger":"fallback-logger","caller":"logging/config.go:69","msg":"Fetch GitHub commit ID from kodata failed: \"ref: refs/heads/master\" is not a valid GitHub commit ID"}
{"level":"info","ts":1568279283.7696059,"logger":"fallback-logger","caller":"git/git.go:102","msg":"Successfully cloned https://github.com/cb-kubecd/bdd-gh-1568278934.git @ master in path /workspace/source"}

Showing logs for build [32mcb-kubecd-bdd-gh-1568278934-pr-1[0m stage [32mfrom-build-pack[0m and container [32mstep-git-merge[0m
Using SHAs from PULL_REFS=master:039f4d633f2a6235de9f69e3f786e43ce8aca710,1:86308ab1812e8c58ff7ebcbf3e7bb35ed68c4a1b
DEBUG: ran git fetch --unshallow origin 86308ab1812e8c58ff7ebcbf3e7bb35ed68c4a1b: 039f4d633f2a6235de9f69e3f786e43ce8aca710: in 
DEBUG: ran git checkout master in 
DEBUG: ran git reset --hard 039f4d633f2a6235de9f69e3f786e43ce8aca710 in 
DEBUG: ran clean --force -d . in 
DEBUG: ran git merge 86308ab1812e8c58ff7ebcbf3e7bb35ed68c4a1b in 
Merged SHA 86308ab1812e8c58ff7ebcbf3e7bb35ed68c4a1b with commit message 'My first PR commit' into base branch master

Showing logs for build [32mcb-kubecd-bdd-gh-1568278934-pr-1[0m stage [32mfrom-build-pack[0m and container [32mstep-build-make-linux[0m
CGO_ENABLED=0 GOOS=linux GOARCH=amd64 GO15VENDOREXPERIMENT=1 go build -ldflags '' -o bin/bdd-gh-1568278934 main.go

Showing logs for build [32mcb-kubecd-bdd-gh-1568278934-pr-1[0m stage [32mfrom-build-pack[0m and container [32mstep-build-container-build[0m
[36mINFO[0m[0000] No base image, nothing to extract            
[36mINFO[0m[0000] cmd: EXPOSE                                  
[36mINFO[0m[0000] Adding exposed port: 8080/tcp                
[36mINFO[0m[0000] Using files from context: [/workspace/source/bin] 
[36mINFO[0m[0000] Skipping unpacking as no commands require it. 
[36mINFO[0m[0000] Taking snapshot of full filesystem...        
[36mINFO[0m[0000] EXPOSE 8080                                  
[36mINFO[0m[0000] cmd: EXPOSE                                  
[36mINFO[0m[0000] Adding exposed port: 8080/tcp                
[36mINFO[0m[0000] No files changed in this command, skipping snapshotting. 
[36mINFO[0m[0000] ENTRYPOINT ["/bdd-gh-1568278934"]            
[36mINFO[0m[0000] No files changed in this command, skipping snapshotting. 
[36mINFO[0m[0000] Using files from context: [/workspace/source/bin] 
[36mINFO[0m[0000] COPY ./bin/ /                                
[36mINFO[0m[0000] Taking snapshot of files...                  
2019/09/12 09:08:16 pushed blob: sha256:343b85a80e11618e4a51eb61ef6adf62f9c87b6de6af35ff41d35af2e5fdf18d
2019/09/12 09:08:16 pushed blob: sha256:4e4f94cc9f87e77e88b45bb92d301cf0edced677e7a0910485b71fa551c4b3bb
2019/09/12 09:08:18 gcr.io/jenkins-x-bdd3/bdd-gh-1568278934:0.0.0-SNAPSHOT-PR-1-1: digest: sha256:28840bb6fc41a27777fa8e9f1e6757ffe9b3263cbd1eb0cf4b9396449cd17492 size: 428

Showing logs for build [32mcb-kubecd-bdd-gh-1568278934-pr-1[0m stage [32mfrom-build-pack[0m and container [32mstep-postbuild-post-build[0m
no CVE provider running in the current ** namespace so skip adding image to be analysed

Showing logs for build [32mcb-kubecd-bdd-gh-1568278934-pr-1[0m stage [32mfrom-build-pack[0m and container [32mstep-promote-make-preview[0m
sed -i -e "s/version:.*/version: 0.0.0-SNAPSHOT-PR-1-1/" Chart.yaml
sed -i -e "s/version:.*/version: 0.0.0-SNAPSHOT-PR-1-1/" ../*/Chart.yaml
sed -i -e "s|repository:.*|repository: gcr.io\/jenkins-x-bdd3\/bdd-gh-1568278934|" values.yaml
sed -i -e "s/tag:.*/tag: 0.0.0-SNAPSHOT-PR-1-1/" values.yaml
echo "  version: 0.0.0-SNAPSHOT-PR-1-1" >> requirements.yaml
** step helm build
WARNING: No $CHART_REPOSITORY defined so using the default value of: http://jenkins-x-chartmuseum:8080
Adding missing Helm repo: storage.googleapis.com https://storage.googleapis.com/chartmuseum.jenkins-x.io
Successfully added Helm repository storage.googleapis.com.
Adding missing Helm repo: jenkins-x-chartmuseum http://jenkins-x-chartmuseum:8080
Successfully added Helm repository jenkins-x-chartmuseum.
WARNING: No $CHART_REPOSITORY defined so using the default value of: http://jenkins-x-chartmuseum:8080
Adding missing Helm repo: chartmuseum.jenkins-x.io http://chartmuseum.jenkins-x.io
Successfully added Helm repository chartmuseum.jenkins-x.io.

Showing logs for build [32mcb-kubecd-bdd-gh-1568278934-pr-1[0m stage [32mfrom-build-pack[0m and container [32mstep-promote-jx-preview[0m
Creating a preview
WARNING: No author for commit: 86308ab1812e8c58ff7ebcbf3e7bb35ed68c4a1b
Created environment cb-kubecd-bdd-gh-1568278934-pr-1
Namespace **-cb-kubecd-bdd-gh-1568278934-pr-1 created 
expose:
  Annotations:
    helm.sh/hook: post-install,post-upgrade
    helm.sh/hook-delete-policy: hook-succeeded
  config:
    domain: 35.195.135.130.nip.io
    exposer: Ingress
    http: "true"
preview:
  image:
    repository: gcr.io/jenkins-x-bdd3/bdd-gh-1568278934
    tag: 0.0.0-SNAPSHOT-PR-1-1
Deleting and cloning the Jenkins X versions repo
Cloning the Jenkins X versions repo https://github.com/jenkins-x/jenkins-x-versions.git with ref refs/heads/master to /builder/home/.**/jenkins-x-versions


Updating PipelineActivities cb-kubecd-bdd-gh-1568278934-pr-1-1 which has status Running
Preview application is now available at: http://bdd-gh-1568278934.**-cb-kubecd-bdd-gh-1568278934-pr-1.35.195.135.130.nip.io
